[2025-12-06T00:00:05.193+0000] {processor.py:186} INFO - Started process (PID=1151) to work on /opt/airflow/dags/etl_clickhouse_dag.py
[2025-12-06T00:00:05.195+0000] {processor.py:914} INFO - Processing file /opt/airflow/dags/etl_clickhouse_dag.py for tasks to queue
[2025-12-06T00:00:05.199+0000] {logging_mixin.py:190} INFO - [2025-12-06T00:00:05.198+0000] {dagbag.py:588} INFO - Filling up the DagBag from /opt/airflow/dags/etl_clickhouse_dag.py
[2025-12-06T00:00:05.955+0000] {processor.py:925} INFO - DAG(s) 'etl_customers_clickhouse' retrieved from /opt/airflow/dags/etl_clickhouse_dag.py
[2025-12-06T00:00:06.000+0000] {logging_mixin.py:190} INFO - [2025-12-06T00:00:05.999+0000] {dag.py:3239} INFO - Sync 1 DAGs
[2025-12-06T00:00:06.024+0000] {logging_mixin.py:190} INFO - [2025-12-06T00:00:06.024+0000] {dag.py:4180} INFO - Setting next_dagrun for etl_customers_clickhouse to None, run_after=None
[2025-12-06T00:00:06.050+0000] {processor.py:208} INFO - Processing /opt/airflow/dags/etl_clickhouse_dag.py took 0.866 seconds
[2025-12-06T00:00:36.492+0000] {processor.py:186} INFO - Started process (PID=1157) to work on /opt/airflow/dags/etl_clickhouse_dag.py
[2025-12-06T00:00:36.494+0000] {processor.py:914} INFO - Processing file /opt/airflow/dags/etl_clickhouse_dag.py for tasks to queue
[2025-12-06T00:00:36.498+0000] {logging_mixin.py:190} INFO - [2025-12-06T00:00:36.497+0000] {dagbag.py:588} INFO - Filling up the DagBag from /opt/airflow/dags/etl_clickhouse_dag.py
[2025-12-06T00:00:37.215+0000] {processor.py:925} INFO - DAG(s) 'etl_customers_clickhouse' retrieved from /opt/airflow/dags/etl_clickhouse_dag.py
[2025-12-06T00:00:37.243+0000] {logging_mixin.py:190} INFO - [2025-12-06T00:00:37.242+0000] {dag.py:3239} INFO - Sync 1 DAGs
[2025-12-06T00:00:37.259+0000] {logging_mixin.py:190} INFO - [2025-12-06T00:00:37.259+0000] {dag.py:4180} INFO - Setting next_dagrun for etl_customers_clickhouse to None, run_after=None
[2025-12-06T00:00:37.290+0000] {processor.py:208} INFO - Processing /opt/airflow/dags/etl_clickhouse_dag.py took 0.807 seconds
[2025-12-06T00:01:07.413+0000] {processor.py:186} INFO - Started process (PID=1163) to work on /opt/airflow/dags/etl_clickhouse_dag.py
[2025-12-06T00:01:07.415+0000] {processor.py:914} INFO - Processing file /opt/airflow/dags/etl_clickhouse_dag.py for tasks to queue
[2025-12-06T00:01:07.419+0000] {logging_mixin.py:190} INFO - [2025-12-06T00:01:07.419+0000] {dagbag.py:588} INFO - Filling up the DagBag from /opt/airflow/dags/etl_clickhouse_dag.py
[2025-12-06T00:01:08.073+0000] {processor.py:925} INFO - DAG(s) 'etl_customers_clickhouse' retrieved from /opt/airflow/dags/etl_clickhouse_dag.py
[2025-12-06T00:01:08.101+0000] {logging_mixin.py:190} INFO - [2025-12-06T00:01:08.100+0000] {dag.py:3239} INFO - Sync 1 DAGs
[2025-12-06T00:01:08.116+0000] {logging_mixin.py:190} INFO - [2025-12-06T00:01:08.116+0000] {dag.py:4180} INFO - Setting next_dagrun for etl_customers_clickhouse to None, run_after=None
[2025-12-06T00:01:08.146+0000] {processor.py:208} INFO - Processing /opt/airflow/dags/etl_clickhouse_dag.py took 0.742 seconds
[2025-12-06T00:01:38.686+0000] {processor.py:186} INFO - Started process (PID=1174) to work on /opt/airflow/dags/etl_clickhouse_dag.py
[2025-12-06T00:01:38.699+0000] {processor.py:914} INFO - Processing file /opt/airflow/dags/etl_clickhouse_dag.py for tasks to queue
[2025-12-06T00:01:38.723+0000] {logging_mixin.py:190} INFO - [2025-12-06T00:01:38.722+0000] {dagbag.py:588} INFO - Filling up the DagBag from /opt/airflow/dags/etl_clickhouse_dag.py
[2025-12-06T00:02:37.529+0000] {processor.py:186} INFO - Started process (PID=169) to work on /opt/airflow/dags/etl_clickhouse_dag.py
[2025-12-06T00:02:37.531+0000] {processor.py:914} INFO - Processing file /opt/airflow/dags/etl_clickhouse_dag.py for tasks to queue
[2025-12-06T00:02:37.533+0000] {logging_mixin.py:190} INFO - [2025-12-06T00:02:37.533+0000] {dagbag.py:588} INFO - Filling up the DagBag from /opt/airflow/dags/etl_clickhouse_dag.py
[2025-12-06T00:02:38.862+0000] {processor.py:925} INFO - DAG(s) 'etl_customers_clickhouse' retrieved from /opt/airflow/dags/etl_clickhouse_dag.py
[2025-12-06T00:02:39.057+0000] {logging_mixin.py:190} INFO - [2025-12-06T00:02:39.056+0000] {override.py:1900} INFO - Created Permission View: can edit on DAG:etl_customers_clickhouse
[2025-12-06T00:02:39.070+0000] {logging_mixin.py:190} INFO - [2025-12-06T00:02:39.070+0000] {override.py:1900} INFO - Created Permission View: can read on DAG:etl_customers_clickhouse
[2025-12-06T00:02:39.079+0000] {logging_mixin.py:190} INFO - [2025-12-06T00:02:39.079+0000] {override.py:1900} INFO - Created Permission View: can delete on DAG:etl_customers_clickhouse
[2025-12-06T00:02:39.090+0000] {logging_mixin.py:190} INFO - [2025-12-06T00:02:39.089+0000] {override.py:1900} INFO - Created Permission View: can read on DAG Run:etl_customers_clickhouse
[2025-12-06T00:02:39.099+0000] {logging_mixin.py:190} INFO - [2025-12-06T00:02:39.098+0000] {override.py:1900} INFO - Created Permission View: menu access on DAG Run:etl_customers_clickhouse
[2025-12-06T00:02:39.113+0000] {logging_mixin.py:190} INFO - [2025-12-06T00:02:39.112+0000] {override.py:1900} INFO - Created Permission View: can create on DAG Run:etl_customers_clickhouse
[2025-12-06T00:02:39.125+0000] {logging_mixin.py:190} INFO - [2025-12-06T00:02:39.124+0000] {override.py:1900} INFO - Created Permission View: can delete on DAG Run:etl_customers_clickhouse
[2025-12-06T00:02:39.126+0000] {logging_mixin.py:190} INFO - [2025-12-06T00:02:39.125+0000] {dag.py:3239} INFO - Sync 1 DAGs
[2025-12-06T00:02:39.146+0000] {logging_mixin.py:190} INFO - [2025-12-06T00:02:39.145+0000] {dag.py:3262} INFO - Creating ORM DAG for etl_customers_clickhouse
[2025-12-06T00:02:39.148+0000] {logging_mixin.py:190} INFO - [2025-12-06T00:02:39.147+0000] {dag.py:4180} INFO - Setting next_dagrun for etl_customers_clickhouse to None, run_after=None
[2025-12-06T00:02:39.185+0000] {processor.py:208} INFO - Processing /opt/airflow/dags/etl_clickhouse_dag.py took 1.661 seconds
[2025-12-06T00:03:09.665+0000] {processor.py:186} INFO - Started process (PID=175) to work on /opt/airflow/dags/etl_clickhouse_dag.py
[2025-12-06T00:03:09.667+0000] {processor.py:914} INFO - Processing file /opt/airflow/dags/etl_clickhouse_dag.py for tasks to queue
[2025-12-06T00:03:09.672+0000] {logging_mixin.py:190} INFO - [2025-12-06T00:03:09.671+0000] {dagbag.py:588} INFO - Filling up the DagBag from /opt/airflow/dags/etl_clickhouse_dag.py
[2025-12-06T00:03:10.444+0000] {processor.py:925} INFO - DAG(s) 'etl_customers_clickhouse' retrieved from /opt/airflow/dags/etl_clickhouse_dag.py
[2025-12-06T00:03:10.474+0000] {logging_mixin.py:190} INFO - [2025-12-06T00:03:10.474+0000] {dag.py:3239} INFO - Sync 1 DAGs
[2025-12-06T00:03:10.492+0000] {logging_mixin.py:190} INFO - [2025-12-06T00:03:10.491+0000] {dag.py:4180} INFO - Setting next_dagrun for etl_customers_clickhouse to None, run_after=None
[2025-12-06T00:03:10.517+0000] {processor.py:208} INFO - Processing /opt/airflow/dags/etl_clickhouse_dag.py took 0.863 seconds
[2025-12-06T00:03:40.938+0000] {processor.py:186} INFO - Started process (PID=181) to work on /opt/airflow/dags/etl_clickhouse_dag.py
[2025-12-06T00:03:40.940+0000] {processor.py:914} INFO - Processing file /opt/airflow/dags/etl_clickhouse_dag.py for tasks to queue
[2025-12-06T00:03:40.945+0000] {logging_mixin.py:190} INFO - [2025-12-06T00:03:40.944+0000] {dagbag.py:588} INFO - Filling up the DagBag from /opt/airflow/dags/etl_clickhouse_dag.py
[2025-12-06T00:03:42.295+0000] {processor.py:925} INFO - DAG(s) 'etl_customers_clickhouse' retrieved from /opt/airflow/dags/etl_clickhouse_dag.py
[2025-12-06T00:03:42.324+0000] {logging_mixin.py:190} INFO - [2025-12-06T00:03:42.324+0000] {dag.py:3239} INFO - Sync 1 DAGs
[2025-12-06T00:03:42.342+0000] {logging_mixin.py:190} INFO - [2025-12-06T00:03:42.342+0000] {dag.py:4180} INFO - Setting next_dagrun for etl_customers_clickhouse to None, run_after=None
[2025-12-06T00:03:42.371+0000] {processor.py:208} INFO - Processing /opt/airflow/dags/etl_clickhouse_dag.py took 1.445 seconds
[2025-12-06T00:04:12.688+0000] {processor.py:186} INFO - Started process (PID=187) to work on /opt/airflow/dags/etl_clickhouse_dag.py
[2025-12-06T00:04:12.690+0000] {processor.py:914} INFO - Processing file /opt/airflow/dags/etl_clickhouse_dag.py for tasks to queue
[2025-12-06T00:04:12.693+0000] {logging_mixin.py:190} INFO - [2025-12-06T00:04:12.693+0000] {dagbag.py:588} INFO - Filling up the DagBag from /opt/airflow/dags/etl_clickhouse_dag.py
[2025-12-06T00:04:13.463+0000] {processor.py:925} INFO - DAG(s) 'etl_customers_clickhouse' retrieved from /opt/airflow/dags/etl_clickhouse_dag.py
[2025-12-06T00:04:13.490+0000] {logging_mixin.py:190} INFO - [2025-12-06T00:04:13.489+0000] {dag.py:3239} INFO - Sync 1 DAGs
[2025-12-06T00:04:13.507+0000] {logging_mixin.py:190} INFO - [2025-12-06T00:04:13.506+0000] {dag.py:4180} INFO - Setting next_dagrun for etl_customers_clickhouse to None, run_after=None
[2025-12-06T00:04:13.539+0000] {processor.py:208} INFO - Processing /opt/airflow/dags/etl_clickhouse_dag.py took 0.858 seconds
[2025-12-06T00:04:43.941+0000] {processor.py:186} INFO - Started process (PID=193) to work on /opt/airflow/dags/etl_clickhouse_dag.py
[2025-12-06T00:04:43.943+0000] {processor.py:914} INFO - Processing file /opt/airflow/dags/etl_clickhouse_dag.py for tasks to queue
[2025-12-06T00:04:43.946+0000] {logging_mixin.py:190} INFO - [2025-12-06T00:04:43.945+0000] {dagbag.py:588} INFO - Filling up the DagBag from /opt/airflow/dags/etl_clickhouse_dag.py
[2025-12-06T00:04:44.631+0000] {processor.py:925} INFO - DAG(s) 'etl_customers_clickhouse' retrieved from /opt/airflow/dags/etl_clickhouse_dag.py
[2025-12-06T00:04:44.669+0000] {logging_mixin.py:190} INFO - [2025-12-06T00:04:44.669+0000] {dag.py:3239} INFO - Sync 1 DAGs
[2025-12-06T00:04:44.687+0000] {logging_mixin.py:190} INFO - [2025-12-06T00:04:44.687+0000] {dag.py:4180} INFO - Setting next_dagrun for etl_customers_clickhouse to None, run_after=None
[2025-12-06T00:04:44.711+0000] {processor.py:208} INFO - Processing /opt/airflow/dags/etl_clickhouse_dag.py took 0.778 seconds
[2025-12-06T00:05:15.168+0000] {processor.py:186} INFO - Started process (PID=199) to work on /opt/airflow/dags/etl_clickhouse_dag.py
[2025-12-06T00:05:15.170+0000] {processor.py:914} INFO - Processing file /opt/airflow/dags/etl_clickhouse_dag.py for tasks to queue
[2025-12-06T00:05:15.173+0000] {logging_mixin.py:190} INFO - [2025-12-06T00:05:15.173+0000] {dagbag.py:588} INFO - Filling up the DagBag from /opt/airflow/dags/etl_clickhouse_dag.py
[2025-12-06T00:05:15.918+0000] {processor.py:925} INFO - DAG(s) 'etl_customers_clickhouse' retrieved from /opt/airflow/dags/etl_clickhouse_dag.py
[2025-12-06T00:05:15.952+0000] {logging_mixin.py:190} INFO - [2025-12-06T00:05:15.952+0000] {dag.py:3239} INFO - Sync 1 DAGs
[2025-12-06T00:05:15.971+0000] {logging_mixin.py:190} INFO - [2025-12-06T00:05:15.971+0000] {dag.py:4180} INFO - Setting next_dagrun for etl_customers_clickhouse to None, run_after=None
[2025-12-06T00:05:16.004+0000] {processor.py:208} INFO - Processing /opt/airflow/dags/etl_clickhouse_dag.py took 0.845 seconds
[2025-12-06T00:05:46.417+0000] {processor.py:186} INFO - Started process (PID=205) to work on /opt/airflow/dags/etl_clickhouse_dag.py
[2025-12-06T00:05:46.419+0000] {processor.py:914} INFO - Processing file /opt/airflow/dags/etl_clickhouse_dag.py for tasks to queue
[2025-12-06T00:05:46.422+0000] {logging_mixin.py:190} INFO - [2025-12-06T00:05:46.421+0000] {dagbag.py:588} INFO - Filling up the DagBag from /opt/airflow/dags/etl_clickhouse_dag.py
[2025-12-06T00:05:47.006+0000] {processor.py:925} INFO - DAG(s) 'etl_customers_clickhouse' retrieved from /opt/airflow/dags/etl_clickhouse_dag.py
[2025-12-06T00:05:47.038+0000] {logging_mixin.py:190} INFO - [2025-12-06T00:05:47.037+0000] {dag.py:3239} INFO - Sync 1 DAGs
[2025-12-06T00:05:47.060+0000] {logging_mixin.py:190} INFO - [2025-12-06T00:05:47.060+0000] {dag.py:4180} INFO - Setting next_dagrun for etl_customers_clickhouse to None, run_after=None
[2025-12-06T00:05:47.094+0000] {processor.py:208} INFO - Processing /opt/airflow/dags/etl_clickhouse_dag.py took 0.682 seconds
[2025-12-06T00:06:17.503+0000] {processor.py:186} INFO - Started process (PID=211) to work on /opt/airflow/dags/etl_clickhouse_dag.py
[2025-12-06T00:06:17.504+0000] {processor.py:914} INFO - Processing file /opt/airflow/dags/etl_clickhouse_dag.py for tasks to queue
[2025-12-06T00:06:17.507+0000] {logging_mixin.py:190} INFO - [2025-12-06T00:06:17.507+0000] {dagbag.py:588} INFO - Filling up the DagBag from /opt/airflow/dags/etl_clickhouse_dag.py
[2025-12-06T00:06:18.055+0000] {processor.py:925} INFO - DAG(s) 'etl_customers_clickhouse' retrieved from /opt/airflow/dags/etl_clickhouse_dag.py
[2025-12-06T00:06:18.107+0000] {logging_mixin.py:190} INFO - [2025-12-06T00:06:18.106+0000] {dag.py:3239} INFO - Sync 1 DAGs
[2025-12-06T00:06:18.130+0000] {logging_mixin.py:190} INFO - [2025-12-06T00:06:18.130+0000] {dag.py:4180} INFO - Setting next_dagrun for etl_customers_clickhouse to None, run_after=None
[2025-12-06T00:06:18.163+0000] {processor.py:208} INFO - Processing /opt/airflow/dags/etl_clickhouse_dag.py took 0.666 seconds
[2025-12-06T00:06:48.375+0000] {processor.py:186} INFO - Started process (PID=217) to work on /opt/airflow/dags/etl_clickhouse_dag.py
[2025-12-06T00:06:48.378+0000] {processor.py:914} INFO - Processing file /opt/airflow/dags/etl_clickhouse_dag.py for tasks to queue
[2025-12-06T00:06:48.383+0000] {logging_mixin.py:190} INFO - [2025-12-06T00:06:48.382+0000] {dagbag.py:588} INFO - Filling up the DagBag from /opt/airflow/dags/etl_clickhouse_dag.py
[2025-12-06T00:06:49.126+0000] {processor.py:925} INFO - DAG(s) 'etl_customers_clickhouse' retrieved from /opt/airflow/dags/etl_clickhouse_dag.py
[2025-12-06T00:06:49.169+0000] {logging_mixin.py:190} INFO - [2025-12-06T00:06:49.169+0000] {dag.py:3239} INFO - Sync 1 DAGs
[2025-12-06T00:06:49.196+0000] {logging_mixin.py:190} INFO - [2025-12-06T00:06:49.195+0000] {dag.py:4180} INFO - Setting next_dagrun for etl_customers_clickhouse to None, run_after=None
[2025-12-06T00:06:49.228+0000] {processor.py:208} INFO - Processing /opt/airflow/dags/etl_clickhouse_dag.py took 0.863 seconds
[2025-12-06T00:07:19.655+0000] {processor.py:186} INFO - Started process (PID=223) to work on /opt/airflow/dags/etl_clickhouse_dag.py
[2025-12-06T00:07:19.656+0000] {processor.py:914} INFO - Processing file /opt/airflow/dags/etl_clickhouse_dag.py for tasks to queue
[2025-12-06T00:07:19.659+0000] {logging_mixin.py:190} INFO - [2025-12-06T00:07:19.659+0000] {dagbag.py:588} INFO - Filling up the DagBag from /opt/airflow/dags/etl_clickhouse_dag.py
[2025-12-06T00:07:20.152+0000] {processor.py:925} INFO - DAG(s) 'etl_customers_clickhouse' retrieved from /opt/airflow/dags/etl_clickhouse_dag.py
[2025-12-06T00:07:20.184+0000] {logging_mixin.py:190} INFO - [2025-12-06T00:07:20.183+0000] {dag.py:3239} INFO - Sync 1 DAGs
[2025-12-06T00:07:20.201+0000] {logging_mixin.py:190} INFO - [2025-12-06T00:07:20.201+0000] {dag.py:4180} INFO - Setting next_dagrun for etl_customers_clickhouse to None, run_after=None
[2025-12-06T00:07:20.229+0000] {processor.py:208} INFO - Processing /opt/airflow/dags/etl_clickhouse_dag.py took 0.581 seconds
[2025-12-06T00:07:50.376+0000] {processor.py:186} INFO - Started process (PID=229) to work on /opt/airflow/dags/etl_clickhouse_dag.py
[2025-12-06T00:07:50.378+0000] {processor.py:914} INFO - Processing file /opt/airflow/dags/etl_clickhouse_dag.py for tasks to queue
[2025-12-06T00:07:50.381+0000] {logging_mixin.py:190} INFO - [2025-12-06T00:07:50.381+0000] {dagbag.py:588} INFO - Filling up the DagBag from /opt/airflow/dags/etl_clickhouse_dag.py
[2025-12-06T00:07:51.054+0000] {processor.py:925} INFO - DAG(s) 'etl_customers_clickhouse' retrieved from /opt/airflow/dags/etl_clickhouse_dag.py
[2025-12-06T00:07:51.087+0000] {logging_mixin.py:190} INFO - [2025-12-06T00:07:51.087+0000] {dag.py:3239} INFO - Sync 1 DAGs
[2025-12-06T00:07:51.105+0000] {logging_mixin.py:190} INFO - [2025-12-06T00:07:51.104+0000] {dag.py:4180} INFO - Setting next_dagrun for etl_customers_clickhouse to None, run_after=None
[2025-12-06T00:07:51.127+0000] {processor.py:208} INFO - Processing /opt/airflow/dags/etl_clickhouse_dag.py took 0.759 seconds
[2025-12-06T00:08:21.535+0000] {processor.py:186} INFO - Started process (PID=235) to work on /opt/airflow/dags/etl_clickhouse_dag.py
[2025-12-06T00:08:21.536+0000] {processor.py:914} INFO - Processing file /opt/airflow/dags/etl_clickhouse_dag.py for tasks to queue
[2025-12-06T00:08:21.539+0000] {logging_mixin.py:190} INFO - [2025-12-06T00:08:21.538+0000] {dagbag.py:588} INFO - Filling up the DagBag from /opt/airflow/dags/etl_clickhouse_dag.py
[2025-12-06T00:08:22.096+0000] {processor.py:925} INFO - DAG(s) 'etl_customers_clickhouse' retrieved from /opt/airflow/dags/etl_clickhouse_dag.py
[2025-12-06T00:08:22.119+0000] {logging_mixin.py:190} INFO - [2025-12-06T00:08:22.118+0000] {dag.py:3239} INFO - Sync 1 DAGs
[2025-12-06T00:08:22.134+0000] {logging_mixin.py:190} INFO - [2025-12-06T00:08:22.134+0000] {dag.py:4180} INFO - Setting next_dagrun for etl_customers_clickhouse to None, run_after=None
[2025-12-06T00:08:22.156+0000] {processor.py:208} INFO - Processing /opt/airflow/dags/etl_clickhouse_dag.py took 0.626 seconds
[2025-12-06T00:08:52.511+0000] {processor.py:186} INFO - Started process (PID=241) to work on /opt/airflow/dags/etl_clickhouse_dag.py
[2025-12-06T00:08:52.513+0000] {processor.py:914} INFO - Processing file /opt/airflow/dags/etl_clickhouse_dag.py for tasks to queue
[2025-12-06T00:08:52.518+0000] {logging_mixin.py:190} INFO - [2025-12-06T00:08:52.517+0000] {dagbag.py:588} INFO - Filling up the DagBag from /opt/airflow/dags/etl_clickhouse_dag.py
[2025-12-06T00:08:53.083+0000] {processor.py:925} INFO - DAG(s) 'etl_customers_clickhouse' retrieved from /opt/airflow/dags/etl_clickhouse_dag.py
[2025-12-06T00:08:53.121+0000] {logging_mixin.py:190} INFO - [2025-12-06T00:08:53.120+0000] {dag.py:3239} INFO - Sync 1 DAGs
[2025-12-06T00:08:53.134+0000] {logging_mixin.py:190} INFO - [2025-12-06T00:08:53.134+0000] {dag.py:4180} INFO - Setting next_dagrun for etl_customers_clickhouse to None, run_after=None
[2025-12-06T00:08:53.157+0000] {processor.py:208} INFO - Processing /opt/airflow/dags/etl_clickhouse_dag.py took 0.657 seconds
[2025-12-06T00:09:23.608+0000] {processor.py:186} INFO - Started process (PID=247) to work on /opt/airflow/dags/etl_clickhouse_dag.py
[2025-12-06T00:09:23.610+0000] {processor.py:914} INFO - Processing file /opt/airflow/dags/etl_clickhouse_dag.py for tasks to queue
[2025-12-06T00:09:23.613+0000] {logging_mixin.py:190} INFO - [2025-12-06T00:09:23.613+0000] {dagbag.py:588} INFO - Filling up the DagBag from /opt/airflow/dags/etl_clickhouse_dag.py
[2025-12-06T00:09:24.347+0000] {processor.py:925} INFO - DAG(s) 'etl_customers_clickhouse' retrieved from /opt/airflow/dags/etl_clickhouse_dag.py
[2025-12-06T00:09:24.383+0000] {logging_mixin.py:190} INFO - [2025-12-06T00:09:24.382+0000] {dag.py:3239} INFO - Sync 1 DAGs
[2025-12-06T00:09:24.403+0000] {logging_mixin.py:190} INFO - [2025-12-06T00:09:24.402+0000] {dag.py:4180} INFO - Setting next_dagrun for etl_customers_clickhouse to None, run_after=None
[2025-12-06T00:09:24.431+0000] {processor.py:208} INFO - Processing /opt/airflow/dags/etl_clickhouse_dag.py took 0.831 seconds
[2025-12-06T00:09:54.912+0000] {processor.py:186} INFO - Started process (PID=253) to work on /opt/airflow/dags/etl_clickhouse_dag.py
[2025-12-06T00:09:54.914+0000] {processor.py:914} INFO - Processing file /opt/airflow/dags/etl_clickhouse_dag.py for tasks to queue
[2025-12-06T00:09:54.917+0000] {logging_mixin.py:190} INFO - [2025-12-06T00:09:54.917+0000] {dagbag.py:588} INFO - Filling up the DagBag from /opt/airflow/dags/etl_clickhouse_dag.py
[2025-12-06T00:09:55.594+0000] {processor.py:925} INFO - DAG(s) 'etl_customers_clickhouse' retrieved from /opt/airflow/dags/etl_clickhouse_dag.py
[2025-12-06T00:09:55.629+0000] {logging_mixin.py:190} INFO - [2025-12-06T00:09:55.628+0000] {dag.py:3239} INFO - Sync 1 DAGs
[2025-12-06T00:09:55.658+0000] {logging_mixin.py:190} INFO - [2025-12-06T00:09:55.657+0000] {dag.py:4180} INFO - Setting next_dagrun for etl_customers_clickhouse to None, run_after=None
[2025-12-06T00:09:55.687+0000] {processor.py:208} INFO - Processing /opt/airflow/dags/etl_clickhouse_dag.py took 0.783 seconds
[2025-12-06T00:10:26.085+0000] {processor.py:186} INFO - Started process (PID=259) to work on /opt/airflow/dags/etl_clickhouse_dag.py
[2025-12-06T00:10:26.086+0000] {processor.py:914} INFO - Processing file /opt/airflow/dags/etl_clickhouse_dag.py for tasks to queue
[2025-12-06T00:10:26.090+0000] {logging_mixin.py:190} INFO - [2025-12-06T00:10:26.090+0000] {dagbag.py:588} INFO - Filling up the DagBag from /opt/airflow/dags/etl_clickhouse_dag.py
[2025-12-06T00:10:26.783+0000] {processor.py:925} INFO - DAG(s) 'etl_customers_clickhouse' retrieved from /opt/airflow/dags/etl_clickhouse_dag.py
[2025-12-06T00:10:26.819+0000] {logging_mixin.py:190} INFO - [2025-12-06T00:10:26.818+0000] {dag.py:3239} INFO - Sync 1 DAGs
[2025-12-06T00:10:26.847+0000] {logging_mixin.py:190} INFO - [2025-12-06T00:10:26.846+0000] {dag.py:4180} INFO - Setting next_dagrun for etl_customers_clickhouse to None, run_after=None
[2025-12-06T00:10:26.876+0000] {processor.py:208} INFO - Processing /opt/airflow/dags/etl_clickhouse_dag.py took 0.802 seconds
[2025-12-06T00:10:56.957+0000] {processor.py:186} INFO - Started process (PID=265) to work on /opt/airflow/dags/etl_clickhouse_dag.py
[2025-12-06T00:10:56.958+0000] {processor.py:914} INFO - Processing file /opt/airflow/dags/etl_clickhouse_dag.py for tasks to queue
[2025-12-06T00:10:56.962+0000] {logging_mixin.py:190} INFO - [2025-12-06T00:10:56.962+0000] {dagbag.py:588} INFO - Filling up the DagBag from /opt/airflow/dags/etl_clickhouse_dag.py
[2025-12-06T00:10:57.657+0000] {processor.py:925} INFO - DAG(s) 'etl_customers_clickhouse' retrieved from /opt/airflow/dags/etl_clickhouse_dag.py
[2025-12-06T00:10:57.691+0000] {logging_mixin.py:190} INFO - [2025-12-06T00:10:57.691+0000] {dag.py:3239} INFO - Sync 1 DAGs
[2025-12-06T00:10:57.714+0000] {logging_mixin.py:190} INFO - [2025-12-06T00:10:57.713+0000] {dag.py:4180} INFO - Setting next_dagrun for etl_customers_clickhouse to None, run_after=None
[2025-12-06T00:10:57.739+0000] {processor.py:208} INFO - Processing /opt/airflow/dags/etl_clickhouse_dag.py took 0.791 seconds
[2025-12-06T00:11:28.170+0000] {processor.py:186} INFO - Started process (PID=271) to work on /opt/airflow/dags/etl_clickhouse_dag.py
[2025-12-06T00:11:28.172+0000] {processor.py:914} INFO - Processing file /opt/airflow/dags/etl_clickhouse_dag.py for tasks to queue
[2025-12-06T00:11:28.175+0000] {logging_mixin.py:190} INFO - [2025-12-06T00:11:28.175+0000] {dagbag.py:588} INFO - Filling up the DagBag from /opt/airflow/dags/etl_clickhouse_dag.py
[2025-12-06T00:11:28.841+0000] {processor.py:925} INFO - DAG(s) 'etl_customers_clickhouse' retrieved from /opt/airflow/dags/etl_clickhouse_dag.py
[2025-12-06T00:11:28.878+0000] {logging_mixin.py:190} INFO - [2025-12-06T00:11:28.877+0000] {dag.py:3239} INFO - Sync 1 DAGs
[2025-12-06T00:11:28.897+0000] {logging_mixin.py:190} INFO - [2025-12-06T00:11:28.897+0000] {dag.py:4180} INFO - Setting next_dagrun for etl_customers_clickhouse to None, run_after=None
[2025-12-06T00:11:28.926+0000] {processor.py:208} INFO - Processing /opt/airflow/dags/etl_clickhouse_dag.py took 0.764 seconds
[2025-12-06T00:11:59.113+0000] {processor.py:186} INFO - Started process (PID=277) to work on /opt/airflow/dags/etl_clickhouse_dag.py
[2025-12-06T00:11:59.115+0000] {processor.py:914} INFO - Processing file /opt/airflow/dags/etl_clickhouse_dag.py for tasks to queue
[2025-12-06T00:11:59.119+0000] {logging_mixin.py:190} INFO - [2025-12-06T00:11:59.118+0000] {dagbag.py:588} INFO - Filling up the DagBag from /opt/airflow/dags/etl_clickhouse_dag.py
[2025-12-06T00:11:59.790+0000] {processor.py:925} INFO - DAG(s) 'etl_customers_clickhouse' retrieved from /opt/airflow/dags/etl_clickhouse_dag.py
[2025-12-06T00:11:59.822+0000] {logging_mixin.py:190} INFO - [2025-12-06T00:11:59.821+0000] {dag.py:3239} INFO - Sync 1 DAGs
[2025-12-06T00:11:59.841+0000] {logging_mixin.py:190} INFO - [2025-12-06T00:11:59.840+0000] {dag.py:4180} INFO - Setting next_dagrun for etl_customers_clickhouse to None, run_after=None
[2025-12-06T00:11:59.864+0000] {processor.py:208} INFO - Processing /opt/airflow/dags/etl_clickhouse_dag.py took 0.760 seconds
[2025-12-06T00:12:30.294+0000] {processor.py:186} INFO - Started process (PID=283) to work on /opt/airflow/dags/etl_clickhouse_dag.py
[2025-12-06T00:12:30.296+0000] {processor.py:914} INFO - Processing file /opt/airflow/dags/etl_clickhouse_dag.py for tasks to queue
[2025-12-06T00:12:30.300+0000] {logging_mixin.py:190} INFO - [2025-12-06T00:12:30.299+0000] {dagbag.py:588} INFO - Filling up the DagBag from /opt/airflow/dags/etl_clickhouse_dag.py
[2025-12-06T00:12:30.975+0000] {processor.py:925} INFO - DAG(s) 'etl_customers_clickhouse' retrieved from /opt/airflow/dags/etl_clickhouse_dag.py
[2025-12-06T00:12:31.004+0000] {logging_mixin.py:190} INFO - [2025-12-06T00:12:31.003+0000] {dag.py:3239} INFO - Sync 1 DAGs
[2025-12-06T00:12:31.020+0000] {logging_mixin.py:190} INFO - [2025-12-06T00:12:31.019+0000] {dag.py:4180} INFO - Setting next_dagrun for etl_customers_clickhouse to None, run_after=None
[2025-12-06T00:12:31.040+0000] {processor.py:208} INFO - Processing /opt/airflow/dags/etl_clickhouse_dag.py took 0.754 seconds
[2025-12-06T00:13:01.538+0000] {processor.py:186} INFO - Started process (PID=289) to work on /opt/airflow/dags/etl_clickhouse_dag.py
[2025-12-06T00:13:01.540+0000] {processor.py:914} INFO - Processing file /opt/airflow/dags/etl_clickhouse_dag.py for tasks to queue
[2025-12-06T00:13:01.544+0000] {logging_mixin.py:190} INFO - [2025-12-06T00:13:01.543+0000] {dagbag.py:588} INFO - Filling up the DagBag from /opt/airflow/dags/etl_clickhouse_dag.py
[2025-12-06T00:13:02.203+0000] {processor.py:925} INFO - DAG(s) 'etl_customers_clickhouse' retrieved from /opt/airflow/dags/etl_clickhouse_dag.py
[2025-12-06T00:13:02.230+0000] {logging_mixin.py:190} INFO - [2025-12-06T00:13:02.230+0000] {dag.py:3239} INFO - Sync 1 DAGs
[2025-12-06T00:13:02.247+0000] {logging_mixin.py:190} INFO - [2025-12-06T00:13:02.247+0000] {dag.py:4180} INFO - Setting next_dagrun for etl_customers_clickhouse to None, run_after=None
[2025-12-06T00:13:02.270+0000] {processor.py:208} INFO - Processing /opt/airflow/dags/etl_clickhouse_dag.py took 0.739 seconds
[2025-12-06T00:13:32.525+0000] {processor.py:186} INFO - Started process (PID=295) to work on /opt/airflow/dags/etl_clickhouse_dag.py
[2025-12-06T00:13:32.527+0000] {processor.py:914} INFO - Processing file /opt/airflow/dags/etl_clickhouse_dag.py for tasks to queue
[2025-12-06T00:13:32.531+0000] {logging_mixin.py:190} INFO - [2025-12-06T00:13:32.531+0000] {dagbag.py:588} INFO - Filling up the DagBag from /opt/airflow/dags/etl_clickhouse_dag.py
[2025-12-06T00:13:33.230+0000] {processor.py:925} INFO - DAG(s) 'etl_customers_clickhouse' retrieved from /opt/airflow/dags/etl_clickhouse_dag.py
[2025-12-06T00:13:33.260+0000] {logging_mixin.py:190} INFO - [2025-12-06T00:13:33.259+0000] {dag.py:3239} INFO - Sync 1 DAGs
[2025-12-06T00:13:33.277+0000] {logging_mixin.py:190} INFO - [2025-12-06T00:13:33.277+0000] {dag.py:4180} INFO - Setting next_dagrun for etl_customers_clickhouse to None, run_after=None
[2025-12-06T00:13:33.337+0000] {processor.py:208} INFO - Processing /opt/airflow/dags/etl_clickhouse_dag.py took 0.821 seconds
[2025-12-06T00:14:03.872+0000] {processor.py:186} INFO - Started process (PID=301) to work on /opt/airflow/dags/etl_clickhouse_dag.py
[2025-12-06T00:14:03.874+0000] {processor.py:914} INFO - Processing file /opt/airflow/dags/etl_clickhouse_dag.py for tasks to queue
[2025-12-06T00:14:03.877+0000] {logging_mixin.py:190} INFO - [2025-12-06T00:14:03.877+0000] {dagbag.py:588} INFO - Filling up the DagBag from /opt/airflow/dags/etl_clickhouse_dag.py
[2025-12-06T00:14:04.508+0000] {processor.py:925} INFO - DAG(s) 'etl_customers_clickhouse' retrieved from /opt/airflow/dags/etl_clickhouse_dag.py
[2025-12-06T00:14:04.546+0000] {logging_mixin.py:190} INFO - [2025-12-06T00:14:04.545+0000] {dag.py:3239} INFO - Sync 1 DAGs
[2025-12-06T00:14:04.562+0000] {logging_mixin.py:190} INFO - [2025-12-06T00:14:04.562+0000] {dag.py:4180} INFO - Setting next_dagrun for etl_customers_clickhouse to None, run_after=None
[2025-12-06T00:14:04.586+0000] {processor.py:208} INFO - Processing /opt/airflow/dags/etl_clickhouse_dag.py took 0.722 seconds
[2025-12-06T00:14:35.136+0000] {processor.py:186} INFO - Started process (PID=307) to work on /opt/airflow/dags/etl_clickhouse_dag.py
[2025-12-06T00:14:35.137+0000] {processor.py:914} INFO - Processing file /opt/airflow/dags/etl_clickhouse_dag.py for tasks to queue
[2025-12-06T00:14:35.140+0000] {logging_mixin.py:190} INFO - [2025-12-06T00:14:35.140+0000] {dagbag.py:588} INFO - Filling up the DagBag from /opt/airflow/dags/etl_clickhouse_dag.py
[2025-12-06T00:14:35.800+0000] {processor.py:925} INFO - DAG(s) 'etl_customers_clickhouse' retrieved from /opt/airflow/dags/etl_clickhouse_dag.py
[2025-12-06T00:14:35.833+0000] {logging_mixin.py:190} INFO - [2025-12-06T00:14:35.832+0000] {dag.py:3239} INFO - Sync 1 DAGs
[2025-12-06T00:14:35.852+0000] {logging_mixin.py:190} INFO - [2025-12-06T00:14:35.852+0000] {dag.py:4180} INFO - Setting next_dagrun for etl_customers_clickhouse to None, run_after=None
[2025-12-06T00:14:35.877+0000] {processor.py:208} INFO - Processing /opt/airflow/dags/etl_clickhouse_dag.py took 0.749 seconds
[2025-12-06T00:15:05.968+0000] {processor.py:186} INFO - Started process (PID=313) to work on /opt/airflow/dags/etl_clickhouse_dag.py
[2025-12-06T00:15:05.970+0000] {processor.py:914} INFO - Processing file /opt/airflow/dags/etl_clickhouse_dag.py for tasks to queue
[2025-12-06T00:15:05.973+0000] {logging_mixin.py:190} INFO - [2025-12-06T00:15:05.973+0000] {dagbag.py:588} INFO - Filling up the DagBag from /opt/airflow/dags/etl_clickhouse_dag.py
[2025-12-06T00:15:06.733+0000] {processor.py:925} INFO - DAG(s) 'etl_customers_clickhouse' retrieved from /opt/airflow/dags/etl_clickhouse_dag.py
[2025-12-06T00:15:06.773+0000] {logging_mixin.py:190} INFO - [2025-12-06T00:15:06.771+0000] {dag.py:3239} INFO - Sync 1 DAGs
[2025-12-06T00:15:06.791+0000] {logging_mixin.py:190} INFO - [2025-12-06T00:15:06.791+0000] {dag.py:4180} INFO - Setting next_dagrun for etl_customers_clickhouse to None, run_after=None
[2025-12-06T00:15:06.818+0000] {processor.py:208} INFO - Processing /opt/airflow/dags/etl_clickhouse_dag.py took 0.860 seconds
