[2025-12-05T22:13:17.924+0000] {local_task_job_runner.py:123} INFO - ::group::Pre task execution logs
[2025-12-05T22:13:17.944+0000] {taskinstance.py:2612} INFO - Dependencies all met for dep_context=non-requeueable deps ti=<TaskInstance: etl_customers_clickhouse.load_customers manual__2025-12-05T22:13:12.189341+00:00 [queued]>
[2025-12-05T22:13:17.954+0000] {taskinstance.py:2612} INFO - Dependencies all met for dep_context=requeueable deps ti=<TaskInstance: etl_customers_clickhouse.load_customers manual__2025-12-05T22:13:12.189341+00:00 [queued]>
[2025-12-05T22:13:17.956+0000] {taskinstance.py:2865} INFO - Starting attempt 1 of 2
[2025-12-05T22:13:17.971+0000] {taskinstance.py:2888} INFO - Executing <Task(PythonOperator): load_customers> on 2025-12-05 22:13:12.189341+00:00
[2025-12-05T22:13:17.981+0000] {standard_task_runner.py:104} INFO - Running: ['***', 'tasks', 'run', 'etl_customers_clickhouse', 'load_customers', 'manual__2025-12-05T22:13:12.189341+00:00', '--job-id', '8', '--raw', '--subdir', 'DAGS_FOLDER/etl_clickhouse_dag.py', '--cfg-path', '/tmp/tmpv6pqz2bt']
[2025-12-05T22:13:17.985+0000] {standard_task_runner.py:105} INFO - Job 8: Subtask load_customers
[2025-12-05T22:13:17.985+0000] {logging_mixin.py:190} WARNING - /home/***/.local/lib/python3.12/site-packages/***/task/task_runner/standard_task_runner.py:70 DeprecationWarning: This process (pid=378) is multi-threaded, use of fork() may lead to deadlocks in the child.
[2025-12-05T22:13:17.987+0000] {standard_task_runner.py:72} INFO - Started process 380 to run task
[2025-12-05T22:13:18.059+0000] {task_command.py:467} INFO - Running <TaskInstance: etl_customers_clickhouse.load_customers manual__2025-12-05T22:13:12.189341+00:00 [running]> on host fed609038dd4
[2025-12-05T22:13:18.153+0000] {taskinstance.py:3131} INFO - Exporting env vars: AIRFLOW_CTX_DAG_OWNER='***' AIRFLOW_CTX_DAG_ID='etl_customers_clickhouse' AIRFLOW_CTX_TASK_ID='load_customers' AIRFLOW_CTX_EXECUTION_DATE='2025-12-05T22:13:12.189341+00:00' AIRFLOW_CTX_TRY_NUMBER='1' AIRFLOW_CTX_DAG_RUN_ID='manual__2025-12-05T22:13:12.189341+00:00'
[2025-12-05T22:13:18.155+0000] {taskinstance.py:731} INFO - ::endgroup::
[2025-12-05T22:13:18.477+0000] {logging_mixin.py:190} INFO - [LOAD] Linhas totais na tabela 'customers': 10000
[2025-12-05T22:13:18.478+0000] {logging_mixin.py:190} INFO - [DAG] Carga finalizada. Total de linhas na tabela: 10000
[2025-12-05T22:13:18.482+0000] {python.py:240} INFO - Done. Returned value was: None
[2025-12-05T22:13:18.493+0000] {taskinstance.py:340} INFO - ::group::Post task execution logs
[2025-12-05T22:13:18.495+0000] {taskinstance.py:352} INFO - Marking task as SUCCESS. dag_id=etl_customers_clickhouse, task_id=load_customers, run_id=manual__2025-12-05T22:13:12.189341+00:00, execution_date=20251205T221312, start_date=20251205T221317, end_date=20251205T221318
[2025-12-05T22:13:18.527+0000] {local_task_job_runner.py:266} INFO - Task exited with return code 0
[2025-12-05T22:13:18.548+0000] {taskinstance.py:3900} INFO - 0 downstream tasks scheduled from follow-on schedule check
[2025-12-05T22:13:18.551+0000] {local_task_job_runner.py:245} INFO - ::endgroup::
